# JRE version: OpenJDK Runtime Environment GraalVM CE 22.3.0 (17.0.5+8) (build 17.0.5+8-jvmci-22.3-b08)
# Java VM: OpenJDK 64-Bit Server VM GraalVM CE 22.3.0 (17.0.5+8-jvmci-22.3-b08, mixed mode, sharing, tiered, jvmci, jvmci compiler, compressed oops, compressed class ptrs, parallel gc, linux-amd64)
GC Precious Log:
 CPUs: 8 total, 1 available
 Memory: 1024M
 Large Page Support: Disabled
 NUMA Support: Disabled
 Compressed Oops: Enabled (32-bit)
 Alignments: Space 512K, Generation 512K, Heap 2M
 Heap Min Capacity: 100M
 Heap Initial Capacity: 100M
 Heap Max Capacity: 512M
 Pre-touch: Disabled
 Parallel Workers: 1
Heap:
 PSYoungGen      total 45568K, used 20479K [0x00000000f5580000, 0x00000000f9b00000, 0x0000000100000000)
  eden space 20480K, 99% used [0x00000000f5580000,0x00000000f697fff0,0x00000000f6980000)
  from space 25088K, 0% used [0x00000000f6980000,0x00000000f6980000,0x00000000f8200000)
  to   space 24064K, 0% used [0x00000000f8380000,0x00000000f8380000,0x00000000f9b00000)
 ParOldGen       total 349696K, used 349696K [0x00000000e0000000, 0x00000000f5580000, 0x00000000f5580000)
  object space 349696K, 100% used [0x00000000e0000000,0x00000000f5580000,0x00000000f5580000)
 Metaspace       used 64105K, committed 65088K, reserved 1114112K
  class space    used 6190K, committed 6592K, reserved 1048576K
GC Heap History (20 events):
Event: 1577.000 GC heap before
{Heap before GC invocations=1232 (full 1131):
 PSYoungGen      total 45568K, used 20479K [0x00000000f5580000, 0x00000000f9b00000, 0x0000000100000000)
  eden space 20480K, 99% used [0x00000000f5580000,0x00000000f697ffa0,0x00000000f6980000)
  from space 25088K, 0% used [0x00000000f6980000,0x00000000f6980000,0x00000000f8200000)
  to   space 24064K, 0% used [0x00000000f8380000,0x00000000f8380000,0x00000000f9b00000)
 ParOldGen       total 349696K, used 349690K [0x00000000e0000000, 0x00000000f5580000, 0x00000000f5580000)
  object space 349696K, 99% used [0x00000000e0000000,0x00000000f557ea28,0x00000000f5580000)
 Metaspace       used 64105K, committed 65088K, reserved 1114112K
  class space    used 6190K, committed 6592K, reserved 1048576K
}
Event: 1578.317 GC heap after
{Heap after GC invocations=1232 (full 1131):
 PSYoungGen      total 44544K, used 20479K [0x00000000f5580000, 0x00000000f9b00000, 0x0000000100000000)
  eden space 20480K, 99% used [0x00000000f5580000,0x00000000f697ff30,0x00000000f6980000)
  from space 24064K, 0% used [0x00000000f8380000,0x00000000f8380000,0x00000000f9b00000)
  to   space 25088K, 0% used [0x00000000f6980000,0x00000000f6980000,0x00000000f8200000)
 ParOldGen       total 349696K, used 349690K [0x00000000e0000000, 0x00000000f5580000, 0x00000000f5580000)
  object space 349696K, 99% used [0x00000000e0000000,0x00000000f557ea28,0x00000000f5580000)
 Metaspace       used 64105K, committed 65088K, reserved 1114112K
  class space    used 6190K, committed 6592K, reserved 1048576K
}
Event: 1578.317 GC heap before
{Heap before GC invocations=1233 (full 1132):
 PSYoungGen      total 44544K, used 20479K [0x00000000f5580000, 0x00000000f9b00000, 0x0000000100000000)
  eden space 20480K, 99% used [0x00000000f5580000,0x00000000f697fff8,0x00000000f6980000)
  from space 24064K, 0% used [0x00000000f8380000,0x00000000f8380000,0x00000000f9b00000)
  to   space 25088K, 0% used [0x00000000f6980000,0x00000000f6980000,0x00000000f8200000)
 ParOldGen       total 349696K, used 349695K [0x00000000e0000000, 0x00000000f5580000, 0x00000000f5580000)
  object space 349696K, 99% used [0x00000000e0000000,0x00000000f557fdf8,0x00000000f5580000)
 Metaspace       used 64105K, committed 65088K, reserved 1114112K
  class space    used 6190K, committed 6592K, reserved 1048576K
}
Event: 1579.508 GC heap after
{Heap after GC invocations=1233 (full 1132):
 PSYoungGen      total 45568K, used 20479K [0x00000000f5580000, 0x00000000f9b00000, 0x0000000100000000)
  eden space 20480K, 99% used [0x00000000f5580000,0x00000000f697fe30,0x00000000f6980000)
  from space 25088K, 0% used [0x00000000f6980000,0x00000000f6980000,0x00000000f8200000)
  to   space 24064K, 0% used [0x00000000f8380000,0x00000000f8380000,0x00000000f9b00000)
 ParOldGen       total 349696K, used 349695K [0x00000000e0000000, 0x00000000f5580000, 0x00000000f5580000)
  object space 349696K, 99% used [0x00000000e0000000,0x00000000f557fcf0,0x00000000f5580000)
 Metaspace       used 64105K, committed 65088K, reserved 1114112K
  class space    used 6190K, committed 6592K, reserved 1048576K
}
Event: 1579.508 GC heap before
{Heap before GC invocations=1234 (full 1133):
 PSYoungGen      total 45568K, used 20479K [0x00000000f5580000, 0x00000000f9b00000, 0x0000000100000000)
  eden space 20480K, 99% used [0x00000000f5580000,0x00000000f697fe30,0x00000000f6980000)
  from space 25088K, 0% used [0x00000000f6980000,0x00000000f6980000,0x00000000f8200000)
  to   space 24064K, 0% used [0x00000000f8380000,0x00000000f8380000,0x00000000f9b00000)
 ParOldGen       total 349696K, used 349695K [0x00000000e0000000, 0x00000000f5580000, 0x00000000f5580000)
  object space 349696K, 99% used [0x00000000e0000000,0x00000000f557fcf0,0x00000000f5580000)
 Metaspace       used 64105K, committed 65088K, reserved 1114112K
  class space    used 6190K, committed 6592K, reserved 1048576K
}
Event: 1580.648 GC heap after
{Heap after GC invocations=1234 (full 1133):
 PSYoungGen      total 44544K, used 20479K [0x00000000f5580000, 0x00000000f9b00000, 0x0000000100000000)
  eden space 20480K, 99% used [0x00000000f5580000,0x00000000f697fe30,0x00000000f6980000)
  from space 24064K, 0% used [0x00000000f8380000,0x00000000f8380000,0x00000000f9b00000)
  to   space 25088K, 0% used [0x00000000f6980000,0x00000000f6980000,0x00000000f8200000)
 ParOldGen       total 349696K, used 349695K [0x00000000e0000000, 0x00000000f5580000, 0x00000000f5580000)
  object space 349696K, 99% used [0x00000000e0000000,0x00000000f557fcf0,0x00000000f5580000)
 Metaspace       used 64105K, committed 65088K, reserved 1114112K
  class space    used 6190K, committed 6592K, reserved 1048576K
}
Event: 1580.649 GC heap before
{Heap before GC invocations=1235 (full 1134):
 PSYoungGen      total 44544K, used 20479K [0x00000000f5580000, 0x00000000f9b00000, 0x0000000100000000)
  eden space 20480K, 99% used [0x00000000f5580000,0x00000000f697fe50,0x00000000f6980000)
  from space 24064K, 0% used [0x00000000f8380000,0x00000000f8380000,0x00000000f9b00000)
  to   space 25088K, 0% used [0x00000000f6980000,0x00000000f6980000,0x00000000f8200000)
 ParOldGen       total 349696K, used 349695K [0x00000000e0000000, 0x00000000f5580000, 0x00000000f5580000)
  object space 349696K, 99% used [0x00000000e0000000,0x00000000f557fcf0,0x00000000f5580000)
 Metaspace       used 64105K, committed 65088K, reserved 1114112K
  class space    used 6190K, committed 6592K, reserved 1048576K
}
Event: 1581.836 GC heap after
{Heap after GC invocations=1235 (full 1134):
 PSYoungGen      total 45568K, used 20479K [0x00000000f5580000, 0x00000000f9b00000, 0x0000000100000000)
  eden space 20480K, 99% used [0x00000000f5580000,0x00000000f697fe50,0x00000000f6980000)
  from space 25088K, 0% used [0x00000000f6980000,0x00000000f6980000,0x00000000f8200000)
  to   space 24064K, 0% used [0x00000000f8380000,0x00000000f8380000,0x00000000f9b00000)
 ParOldGen       total 349696K, used 349695K [0x00000000e0000000, 0x00000000f5580000, 0x00000000f5580000)
  object space 349696K, 99% used [0x00000000e0000000,0x00000000f557fcd0,0x00000000f5580000)
 Metaspace       used 64105K, committed 65088K, reserved 1114112K
  class space    used 6190K, committed 6592K, reserved 1048576K
}
Event: 1581.839 GC heap before
{Heap before GC invocations=1236 (full 1135):
 PSYoungGen      total 45568K, used 20479K [0x00000000f5580000, 0x00000000f9b00000, 0x0000000100000000)
  eden space 20480K, 99% used [0x00000000f5580000,0x00000000f697fff8,0x00000000f6980000)
  from space 25088K, 0% used [0x00000000f6980000,0x00000000f6980000,0x00000000f8200000)
  to   space 24064K, 0% used [0x00000000f8380000,0x00000000f8380000,0x00000000f9b00000)
 ParOldGen       total 349696K, used 349695K [0x00000000e0000000, 0x00000000f5580000, 0x00000000f5580000)
  object space 349696K, 99% used [0x00000000e0000000,0x00000000f557fff0,0x00000000f5580000)
 Metaspace       used 64105K, committed 65088K, reserved 1114112K
  class space    used 6190K, committed 6592K, reserved 1048576K
}
Event: 1583.009 GC heap after
{Heap after GC invocations=1236 (full 1135):
 PSYoungGen      total 44544K, used 20479K [0x00000000f5580000, 0x00000000f9b00000, 0x0000000100000000)
  eden space 20480K, 99% used [0x00000000f5580000,0x00000000f697fef8,0x00000000f6980000)
  from space 24064K, 0% used [0x00000000f8380000,0x00000000f8380000,0x00000000f9b00000)
  to   space 25088K, 0% used [0x00000000f6980000,0x00000000f6980000,0x00000000f8200000)
 ParOldGen       total 349696K, used 349695K [0x00000000e0000000, 0x00000000f5580000, 0x00000000f5580000)
  object space 349696K, 99% used [0x00000000e0000000,0x00000000f557fea8,0x00000000f5580000)
 Metaspace       used 64105K, committed 65088K, reserved 1114112K
  class space    used 6190K, committed 6592K, reserved 1048576K
}
Event: 1583.009 GC heap before
{Heap before GC invocations=1237 (full 1136):
 PSYoungGen      total 44544K, used 20479K [0x00000000f5580000, 0x00000000f9b00000, 0x0000000100000000)
  eden space 20480K, 99% used [0x00000000f5580000,0x00000000f697fff8,0x00000000f6980000)
  from space 24064K, 0% used [0x00000000f8380000,0x00000000f8380000,0x00000000f9b00000)
  to   space 25088K, 0% used [0x00000000f6980000,0x00000000f6980000,0x00000000f8200000)
 ParOldGen       total 349696K, used 349695K [0x00000000e0000000, 0x00000000f5580000, 0x00000000f5580000)
  object space 349696K, 99% used [0x00000000e0000000,0x00000000f557fea8,0x00000000f5580000)
 Metaspace       used 64105K, committed 65088K, reserved 1114112K
  class space    used 6190K, committed 6592K, reserved 1048576K
}
Event: 1584.208 GC heap after
{Heap after GC invocations=1237 (full 1136):
 PSYoungGen      total 45568K, used 20479K [0x00000000f5580000, 0x00000000f9b00000, 0x0000000100000000)
  eden space 20480K, 99% used [0x00000000f5580000,0x00000000f697ff18,0x00000000f6980000)
  from space 25088K, 0% used [0x00000000f6980000,0x00000000f6980000,0x00000000f8200000)
  to   space 24064K, 0% used [0x00000000f8380000,0x00000000f8380000,0x00000000f9b00000)
 ParOldGen       total 349696K, used 349695K [0x00000000e0000000, 0x00000000f5580000, 0x00000000f5580000)
  object space 349696K, 99% used [0x00000000e0000000,0x00000000f557fea8,0x00000000f5580000)
 Metaspace       used 64105K, committed 65088K, reserved 1114112K
  class space    used 6190K, committed 6592K, reserved 1048576K
}
Event: 1584.208 GC heap before
{Heap before GC invocations=1238 (full 1137):
 PSYoungGen      total 45568K, used 20480K [0x00000000f5580000, 0x00000000f9b00000, 0x0000000100000000)
  eden space 20480K, 100% used [0x00000000f5580000,0x00000000f6980000,0x00000000f6980000)
  from space 25088K, 0% used [0x00000000f6980000,0x00000000f6980000,0x00000000f8200000)
  to   space 24064K, 0% used [0x00000000f8380000,0x00000000f8380000,0x00000000f9b00000)
 ParOldGen       total 349696K, used 349695K [0x00000000e0000000, 0x00000000f5580000, 0x00000000f5580000)
  object space 349696K, 99% used [0x00000000e0000000,0x00000000f557fea8,0x00000000f5580000)
 Metaspace       used 64105K, committed 65088K, reserved 1114112K
  class space    used 6190K, committed 6592K, reserved 1048576K
}
Event: 1585.319 GC heap after
{Heap after GC invocations=1238 (full 1137):
 PSYoungGen      total 44544K, used 20479K [0x00000000f5580000, 0x00000000f9b00000, 0x0000000100000000)
  eden space 20480K, 99% used [0x00000000f5580000,0x00000000f697ff60,0x00000000f6980000)
  from space 24064K, 0% used [0x00000000f8380000,0x00000000f8380000,0x00000000f9b00000)
  to   space 25088K, 0% used [0x00000000f6980000,0x00000000f6980000,0x00000000f8200000)
 ParOldGen       total 349696K, used 349695K [0x00000000e0000000, 0x00000000f5580000, 0x00000000f5580000)
  object space 349696K, 99% used [0x00000000e0000000,0x00000000f557fea8,0x00000000f5580000)
 Metaspace       used 64105K, committed 65088K, reserved 1114112K
  class space    used 6190K, committed 6592K, reserved 1048576K
}
Event: 1585.319 GC heap before
{Heap before GC invocations=1239 (full 1138):
 PSYoungGen      total 44544K, used 20480K [0x00000000f5580000, 0x00000000f9b00000, 0x0000000100000000)
  eden space 20480K, 100% used [0x00000000f5580000,0x00000000f6980000,0x00000000f6980000)
  from space 24064K, 0% used [0x00000000f8380000,0x00000000f8380000,0x00000000f9b00000)
  to   space 25088K, 0% used [0x00000000f6980000,0x00000000f6980000,0x00000000f8200000)
 ParOldGen       total 349696K, used 349695K [0x00000000e0000000, 0x00000000f5580000, 0x00000000f5580000)
  object space 349696K, 99% used [0x00000000e0000000,0x00000000f557fea8,0x00000000f5580000)
 Metaspace       used 64105K, committed 65088K, reserved 1114112K
  class space    used 6190K, committed 6592K, reserved 1048576K
}
Event: 1586.448 GC heap after
{Heap after GC invocations=1239 (full 1138):
 PSYoungGen      total 45568K, used 20479K [0x00000000f5580000, 0x00000000f9b00000, 0x0000000100000000)
  eden space 20480K, 99% used [0x00000000f5580000,0x00000000f697ff60,0x00000000f6980000)
  from space 25088K, 0% used [0x00000000f6980000,0x00000000f6980000,0x00000000f8200000)
  to   space 24064K, 0% used [0x00000000f8380000,0x00000000f8380000,0x00000000f9b00000)
 ParOldGen       total 349696K, used 349695K [0x00000000e0000000, 0x00000000f5580000, 0x00000000f5580000)
  object space 349696K, 99% used [0x00000000e0000000,0x00000000f557fea8,0x00000000f5580000)
 Metaspace       used 64105K, committed 65088K, reserved 1114112K
  class space    used 6190K, committed 6592K, reserved 1048576K
}
Event: 1586.448 GC heap before
{Heap before GC invocations=1240 (full 1139):
 PSYoungGen      total 45568K, used 20479K [0x00000000f5580000, 0x00000000f9b00000, 0x0000000100000000)
  eden space 20480K, 99% used [0x00000000f5580000,0x00000000f697ffc0,0x00000000f6980000)
  from space 25088K, 0% used [0x00000000f6980000,0x00000000f6980000,0x00000000f8200000)
  to   space 24064K, 0% used [0x00000000f8380000,0x00000000f8380000,0x00000000f9b00000)
 ParOldGen       total 349696K, used 349695K [0x00000000e0000000, 0x00000000f5580000, 0x00000000f5580000)
  object space 349696K, 99% used [0x00000000e0000000,0x00000000f557fea8,0x00000000f5580000)
 Metaspace       used 64105K, committed 65088K, reserved 1114112K
  class space    used 6190K, committed 6592K, reserved 1048576K
}
Event: 1587.636 GC heap after
{Heap after GC invocations=1240 (full 1139):
 PSYoungGen      total 44544K, used 20479K [0x00000000f5580000, 0x00000000f9b00000, 0x0000000100000000)
  eden space 20480K, 99% used [0x00000000f5580000,0x00000000f697ff60,0x00000000f6980000)
  from space 24064K, 0% used [0x00000000f8380000,0x00000000f8380000,0x00000000f9b00000)
  to   space 25088K, 0% used [0x00000000f6980000,0x00000000f6980000,0x00000000f8200000)
 ParOldGen       total 349696K, used 349695K [0x00000000e0000000, 0x00000000f5580000, 0x00000000f5580000)
  object space 349696K, 99% used [0x00000000e0000000,0x00000000f557fea8,0x00000000f5580000)
 Metaspace       used 64105K, committed 65088K, reserved 1114112K
  class space    used 6190K, committed 6592K, reserved 1048576K
}
Event: 1587.636 GC heap before
{Heap before GC invocations=1241 (full 1140):
 PSYoungGen      total 44544K, used 20479K [0x00000000f5580000, 0x00000000f9b00000, 0x0000000100000000)
  eden space 20480K, 99% used [0x00000000f5580000,0x00000000f697ff60,0x00000000f6980000)
  from space 24064K, 0% used [0x00000000f8380000,0x00000000f8380000,0x00000000f9b00000)
  to   space 25088K, 0% used [0x00000000f6980000,0x00000000f6980000,0x00000000f8200000)
 ParOldGen       total 349696K, used 349695K [0x00000000e0000000, 0x00000000f5580000, 0x00000000f5580000)
  object space 349696K, 99% used [0x00000000e0000000,0x00000000f557fea8,0x00000000f5580000)
 Metaspace       used 64105K, committed 65088K, reserved 1114112K
  class space    used 6190K, committed 6592K, reserved 1048576K
}
Event: 1588.749 GC heap after
{Heap after GC invocations=1241 (full 1140):
 PSYoungGen      total 45568K, used 20479K [0x00000000f5580000, 0x00000000f9b00000, 0x0000000100000000)
  eden space 20480K, 99% used [0x00000000f5580000,0x00000000f697ff60,0x00000000f6980000)
  from space 25088K, 0% used [0x00000000f6980000,0x00000000f6980000,0x00000000f8200000)
  to   space 24064K, 0% used [0x00000000f8380000,0x00000000f8380000,0x00000000f9b00000)
 ParOldGen       total 349696K, used 349695K [0x00000000e0000000, 0x00000000f5580000, 0x00000000f5580000)
  object space 349696K, 99% used [0x00000000e0000000,0x00000000f557fea8,0x00000000f5580000)
 Metaspace       used 64105K, committed 65088K, reserved 1114112K
  class space    used 6190K, committed 6592K, reserved 1048576K
}

